<?xml version="1.0" encoding="UTF-8"?>
<testsuite xmlns:xsi="http://www.w3.org/2001/XMLSchema-instance" xsi:noNamespaceSchemaLocation="https://maven.apache.org/surefire/maven-surefire-plugin/xsd/surefire-test-report-3.0.xsd" version="3.0" name="uni.isw.sigconbackend.repository.TipoDocumentoRepositoryTest" time="8.533" tests="1" errors="0" skipped="0" failures="0">
  <properties>
[...]
</properties>
  <testcase name="TipoDocumento_findAll" classname="uni.isw.sigconbackend.repository.TipoDocumentoRepositoryTest" time="1.555">
    <system-out><![CDATA[14:20:07.987 [main] INFO org.springframework.test.context.support.AnnotationConfigContextLoaderUtils -- Could not detect default configuration classes for test class [uni.isw.sigconbackend.repository.TipoDocumentoRepositoryTest]: TipoDocumentoRepositoryTest does not declare any static, non-private, non-final, nested classes annotated with @Configuration.
14:20:08.328 [main] INFO org.springframework.boot.test.context.SpringBootTestContextBootstrapper -- Found @SpringBootConfiguration uni.isw.sigconbackend.Application for test class uni.isw.sigconbackend.repository.TipoDocumentoRepositoryTest
14:20:08.534 [main] INFO org.springframework.boot.devtools.restart.RestartApplicationListener -- Restart disabled due to context in which it is running

  .   ____          _            __ _ _
 /\\ / ___'_ __ _ _(_)_ __  __ _ \ \ \ \
( ( )\___ | '_ | '_| | '_ \/ _` | \ \ \ \
 \\/  ___)| |_)| | | | | || (_| |  ) ) ) )
  '  |____| .__|_| |_|_| |_\__, | / / / /
 =========|_|==============|___/=/_/_/_/

 :: Spring Boot ::                (v3.3.5)

2024-12-09T14:20:09.373-05:00  INFO 23108 --- [242CC341ASpringSigconBackendD1] [           main] u.i.s.r.TipoDocumentoRepositoryTest      : Starting TipoDocumentoRepositoryTest using Java 22.0.2 with PID 23108 (started by BRYAN in C:\PruebaTest\242CC341ASpringSigconBackendD1-master)
2024-12-09T14:20:09.376-05:00  INFO 23108 --- [242CC341ASpringSigconBackendD1] [           main] u.i.s.r.TipoDocumentoRepositoryTest      : The following 1 profile is active: "${MYENV}"
2024-12-09T14:20:10.345-05:00  INFO 23108 --- [242CC341ASpringSigconBackendD1] [           main] .s.d.r.c.RepositoryConfigurationDelegate : Bootstrapping Spring Data JPA repositories in DEFAULT mode.
2024-12-09T14:20:10.466-05:00  INFO 23108 --- [242CC341ASpringSigconBackendD1] [           main] .s.d.r.c.RepositoryConfigurationDelegate : Finished Spring Data repository scanning in 104 ms. Found 3 JPA repository interfaces.
2024-12-09T14:20:10.562-05:00  INFO 23108 --- [242CC341ASpringSigconBackendD1] [           main] beddedDataSourceBeanFactoryPostProcessor : Replacing 'dataSource' DataSource bean with embedded version
2024-12-09T14:20:10.942-05:00  INFO 23108 --- [242CC341ASpringSigconBackendD1] [           main] o.s.j.d.e.EmbeddedDatabaseFactory        : Starting embedded database: url='jdbc:h2:mem:b054f49c-d0da-4166-b707-f2f051fd3896;DB_CLOSE_DELAY=-1;DB_CLOSE_ON_EXIT=false', username='sa'
2024-12-09T14:20:11.503-05:00  INFO 23108 --- [242CC341ASpringSigconBackendD1] [           main] o.hibernate.jpa.internal.util.LogHelper  : HHH000204: Processing PersistenceUnitInfo [name: default]
2024-12-09T14:20:11.645-05:00  INFO 23108 --- [242CC341ASpringSigconBackendD1] [           main] org.hibernate.Version                    : HHH000412: Hibernate ORM core version 6.5.3.Final
2024-12-09T14:20:11.717-05:00  INFO 23108 --- [242CC341ASpringSigconBackendD1] [           main] o.h.c.internal.RegionFactoryInitiator    : HHH000026: Second-level cache disabled
2024-12-09T14:20:12.284-05:00  INFO 23108 --- [242CC341ASpringSigconBackendD1] [           main] o.s.o.j.p.SpringPersistenceUnitInfo      : No LoadTimeWeaver setup: ignoring JPA class transformer
2024-12-09T14:20:13.929-05:00  INFO 23108 --- [242CC341ASpringSigconBackendD1] [           main] o.h.e.t.j.p.i.JtaPlatformInitiator       : HHH000489: No JTA platform available (set 'hibernate.transaction.jta.platform' to enable JTA platform integration)
Hibernate: drop table if exists persona cascade 
Hibernate: drop table if exists tipo_documento cascade 
Hibernate: drop table if exists ubigeo cascade 
Hibernate: create table persona (fecha_nacimiento date not null, id_tipo_documento integer, id_persona bigint generated by default as identity, apellido_materno varchar(255) not null, apellido_paterno varchar(255) not null, direccion varchar(255) not null, idubigeo varchar(255), ndocumento varchar(255) not null, nombres varchar(255) not null, primary key (id_persona))
Hibernate: create table tipo_documento (id_tipo_documento integer not null, descripcion varchar(255), primary key (id_tipo_documento))
Hibernate: create table ubigeo (departamento varchar(255), distrito varchar(255), idubigeo varchar(255) not null, provincia varchar(255), primary key (idubigeo))
Hibernate: alter table if exists persona add constraint FKi1djd3oysnrlgn00kho3gdlfj foreign key (id_tipo_documento) references tipo_documento
Hibernate: alter table if exists persona add constraint FKnwo6rs8gxbdr90hr37c2s12oi foreign key (idubigeo) references ubigeo
2024-12-09T14:20:14.007-05:00  INFO 23108 --- [242CC341ASpringSigconBackendD1] [           main] j.LocalContainerEntityManagerFactoryBean : Initialized JPA EntityManagerFactory for persistence unit 'default'
2024-12-09T14:20:14.560-05:00  INFO 23108 --- [242CC341ASpringSigconBackendD1] [           main] u.i.s.r.TipoDocumentoRepositoryTest      : Started TipoDocumentoRepositoryTest in 6.05 seconds (process running for 12.323)
Hibernate: select td1_0.id_tipo_documento,td1_0.descripcion from tipo_documento td1_0 where td1_0.id_tipo_documento=?
Hibernate: insert into tipo_documento (descripcion,id_tipo_documento) values (?,?)
Hibernate: select td1_0.id_tipo_documento,td1_0.descripcion from tipo_documento td1_0
]]></system-out>
    <system-err><![CDATA[WARNING: A Java agent has been loaded dynamically (C:\Users\Usuario\.m2\repository\net\bytebuddy\byte-buddy-agent\1.14.19\byte-buddy-agent-1.14.19.jar)
WARNING: If a serviceability tool is in use, please run with -XX:+EnableDynamicAgentLoading to hide this warning
WARNING: If a serviceability tool is not in use, please run with -Djdk.instrument.traceUsage for more information
WARNING: Dynamic loading of agents will be disallowed by default in a future release
]]></system-err>
  </testcase>
</testsuite>